# Preference setting overrides
gui_create_pref_key -category {Globals} -key {load_detail_for_funcov} -value_type {bool} -value {false}
gui_create_pref_category -category {schem_obj_name}
gui_create_pref_key -category {schem_obj_name} -key {show_cell_and_pin_with_symbol_name} -value_type {bool} -value {false}
gui_create_pref_key -category {schem_pin_hc} -key {textExtFont} -value_type {string} -value {Helvetica,10,-1,5,50,0,0,0,0,0}

# State setting overrides
gui_state_default_create -off -ini
gui_set_state_value -category Globals -key recent_sessions -value {{gui_load_session -ignore_errors -file /afs/umich.edu/class/eecs627/w17/group5/PROJECT/jpeg_verilog/verilog/dct_hierarchical/mult/session.inter.vpd.tcl} {gui_load_session -ignore_errors -file /afs/umich.edu/class/eecs627/w17/group5/PROJECT/jpeg_verilog/trunk/dct_bohan_0206/test_dct_layer/session.inter.vpd.tcl -ignore_errors} {gui_load_session -ignore_errors -file /afs/umich.edu/class/eecs627/w17/group5/PROJECT/jpeg_verilog/trunk/dct_bohan_0206/test_dct_layer/session.inter.vpd.tcl} {gui_load_session -ignore_errors -file /home/bohanw/fall16/eecs470/group_15_f16/testbench/session.inter.vpd.tcl -ignore_errors} {gui_load_session -ignore_errors -file /home/bohanw/fall16/eecs470/group_15_f16/testbench/session_br.inter.vpd.tcl}}
gui_set_state_value -category Layout -key child_console_size_x -value 1437
gui_set_state_value -category Layout -key child_console_size_y -value 437
gui_set_state_value -category Layout -key child_data_coltype -value 135
gui_set_state_value -category Layout -key child_data_colvalue -value 83
gui_set_state_value -category Layout -key child_data_colvariable -value 176
gui_set_state_value -category Layout -key child_data_size_x -value 392
gui_set_state_value -category Layout -key child_data_size_y -value 441
gui_set_state_value -category Layout -key child_driver_docknewline -value true
gui_set_state_value -category Layout -key child_driver_size_x -value 1442
gui_set_state_value -category Layout -key child_driver_size_y -value 179
gui_set_state_value -category Layout -key child_hier_col3 -value {-1}
gui_set_state_value -category Layout -key child_hier_colhier -value 293
gui_set_state_value -category Layout -key child_hier_colpd -value 0
gui_set_state_value -category Layout -key child_hier_coltype -value 113
gui_set_state_value -category Layout -key child_hier_size_x -value 386
gui_set_state_value -category Layout -key child_hier_size_y -value 441
gui_set_state_value -category Layout -key child_list_down -value 179
gui_set_state_value -category Layout -key child_list_right -value 444
gui_set_state_value -category Layout -key child_schematic_docknewline -value false
gui_set_state_value -category Layout -key child_schematic_pos_x -value {-2}
gui_set_state_value -category Layout -key child_schematic_pos_y -value {-15}
gui_set_state_value -category Layout -key child_schematic_size_x -value 1011
gui_set_state_value -category Layout -key child_schematic_size_y -value 84
gui_set_state_value -category Layout -key child_source_docknewline -value false
gui_set_state_value -category Layout -key child_source_pos_x -value {-2}
gui_set_state_value -category Layout -key child_source_pos_y -value {-15}
gui_set_state_value -category Layout -key child_source_size_x -value 662
gui_set_state_value -category Layout -key child_source_size_y -value 436
gui_set_state_value -category Layout -key child_wave_colname -value 369
gui_set_state_value -category Layout -key child_wave_colvalue -value 370
gui_set_state_value -category Layout -key child_wave_left -value 743
gui_set_state_value -category Layout -key child_wave_right -value 1811
gui_set_state_value -category Layout -key main_pos_x -value 3078
gui_set_state_value -category Layout -key main_pos_y -value 342
gui_set_state_value -category Layout -key main_size_x -value 4515
gui_set_state_value -category Layout -key main_size_y -value 1319
gui_set_state_value -category Layout -key stand_list_child_docknewline -value false
gui_set_state_value -category Layout -key stand_list_child_pos_x -value {-2}
gui_set_state_value -category Layout -key stand_list_child_pos_y -value {-15}
gui_set_state_value -category Layout -key stand_list_child_size_x -value 604
gui_set_state_value -category Layout -key stand_list_child_size_y -value 324
gui_set_state_value -category Layout -key stand_list_top_pos_x -value 501
gui_set_state_value -category Layout -key stand_list_top_pos_y -value 67
gui_set_state_value -category Layout -key stand_list_top_size_y -value 566
gui_set_state_value -category Layout -key stand_schematic_child_docknewline -value false
gui_set_state_value -category Layout -key stand_schematic_child_pos_x -value {-2}
gui_set_state_value -category Layout -key stand_schematic_child_pos_y -value {-15}
gui_set_state_value -category Layout -key stand_schematic_child_size_x -value 1011
gui_set_state_value -category Layout -key stand_schematic_child_size_y -value 84
gui_set_state_value -category Layout -key stand_source_child_docknewline -value false
gui_set_state_value -category Layout -key stand_source_child_pos_x -value {-2}
gui_set_state_value -category Layout -key stand_source_child_pos_y -value {-15}
gui_set_state_value -category Layout -key stand_source_child_size_x -value 2564
gui_set_state_value -category Layout -key stand_source_child_size_y -value 1258
gui_set_state_value -category Layout -key stand_source_top_pos_x -value 0
gui_set_state_value -category Layout -key stand_source_top_pos_y -value 39
gui_set_state_value -category Layout -key stand_source_top_size_x -value 2559
gui_set_state_value -category Layout -key stand_source_top_size_y -value 1377
gui_set_state_value -category Layout -key stand_wave_child_docknewline -value false
gui_set_state_value -category Layout -key stand_wave_child_pos_x -value {-2}
gui_set_state_value -category Layout -key stand_wave_child_pos_y -value {-15}
gui_set_state_value -category Layout -key stand_wave_child_size_x -value 2564
gui_set_state_value -category Layout -key stand_wave_child_size_y -value 1320
gui_set_state_value -category Layout -key stand_wave_top_pos_x -value 2561
gui_set_state_value -category Layout -key stand_wave_top_pos_y -value 79
gui_set_state_value -category Layout -key stand_wave_top_size_x -value 5120
gui_set_state_value -category Layout -key stand_wave_top_size_y -value 1479
gui_create_state_key -category FindDialog -key m_pMatchCase -value_type bool -value false
gui_create_state_key -category FindDialog -key m_pMatchWord -value_type bool -value false
gui_create_state_key -category FindDialog -key m_pUseCombo -value_type string -value {}
gui_create_state_key -category FindDialog -key m_pWrapAround -value_type bool -value true
gui_create_state_key -category Widget_History -key TopLevel.1|qt_left_dock|DockWnd2|DLPane.1|pages|Data.1|hbox|textfilter -value_type string -value {*wr wr *id_ex_wr *dest*}
gui_create_state_key -category Widget_History -key TopLevel.1|qt_left_dock|DockWnd4|DLPane.1|pages|Data.1|hbox|textfilter -value_type string -value {*predict* *branch* {}}
gui_create_state_key -category Widget_History -key TopLevel.2|EkTopVbox|wndWorkspace|qt_workspacechild2|Wave.1|left|filterVBox|controlHBox|unnamed -value_type string -value *head*
gui_create_state_key -category Widget_History -key {dlgSimSetup|m_setupTab|tab pages|SimTab|m_VPDCombo} -value_type string -value inter.vpd
gui_create_state_key -category Widget_History -key {dlgSimSetup|m_setupTab|tab pages|SimTab|m_argsCombo} -value_type string -value {{-ucligui +vc +define+ +lint=PCWM +memcbk} {+vc +define+ +lint=PCWM +memcbk} {+vc +lint=TFIPC-L +lint=PCWM +memcbk} {-ucligui +vc +memcbk} {-ucligui +vc +lint=TFIPC-L +lint=PCWM +memcbk}}
gui_create_state_key -category Widget_History -key {dlgSimSetup|m_setupTab|tab pages|SimTab|m_curDirCombo} -value_type string -value {/afs/umich.edu/class/eecs627/w17/group5/PROJECT/jpeg_verilog/verilog/dct_hierarchical/mult /afs/umich.edu/class/eecs627/w17/group5/PROJECT/jpeg_verilog/verilog/dct_hierarchical/adders /afs/umich.edu/class/eecs627/w17/group5/PROJECT/jpeg_verilog/trunk/dct_bohan_0206/test_dct_layer /afs/umich.edu/class/eecs627/w17/group5/PROJECT/jpeg_verilog/trunk/dct_bohan_0206 /afs/umich.edu/class/eecs627/w17/group5/PROJECT/jpeg_verilog/trunk/dct_bohan_cp/test_dct_layer}
gui_create_state_key -category Widget_History -key {dlgSimSetup|m_setupTab|tab pages|SimTab|m_exeCombo} -value_type string -value {/afs/umich.edu/class/eecs627/w17/group5/PROJECT/jpeg_verilog/verilog/dct_hierarchical/mult/dve dve /afs/umich.edu/class/eecs627/w17/group5/PROJECT/jpeg_verilog/verilog/dct_hierarchical/adders/dve /afs/umich.edu/class/eecs627/w17/group5/PROJECT/jpeg_verilog/trunk/dct_bohan_0206/test_dct_layer/dve /afs/umich.edu/class/eecs627/w17/group5/PROJECT/jpeg_verilog/trunk/dct_bohan_0206/dve}
gui_state_default_create -off

# Begin command logging
gui_sim_run Ucli -exe ./sim -args {-ucligui  } -dir .
