21:37:25    16 -->                                                             [tcl] ucliGUI::connect -toolargs -ucligui -toolexe ./sim -pid 605 -toolin /tmp/vcs_20170227023723_604_bohanw..stdin -toolout /tmp/vcs_20170227023723_604_bohanw..stdout  
21:37:25    17 -->                                                                 [tcl] set ucliGUI::state
21:37:25    18 -->                                                                     [tcl] gui_update_simulator_buttons
21:37:26    19 -->                                                                         [tcl] set ucliGUI::state
21:37:26    20 -->                                                                             [tcl] ucliCore::getToolPID
21:37:26    21 -->                                                                                 [tcl] synopsys::env hasTB
21:37:26    22 -->                                                                                     [tcl] trigger_hier_stack_context_switch 0
21:37:26    23 -->                                                                                         [tcl] synUtils::setDVEInitPhase 1
21:37:26    24 -->                                                                                             [tcl] gui_get_env SIMSETUP::SIMVPD
21:37:26    25 --> ...  [tcl] synopsys::dump -type VPD -file /afs/umich.edu/class/eecs627/w17/group5/PROJECT/jpeg_verilog/verilog/dct_hierarchical/mult/inter.vpd -locking
21:37:26    26 --> ...      [tcl] synopsys::dump -autoflush on -fid VPD0
21:37:26    27 --> ...          [tcl] set ::dve_fid VPD0
21:37:26    28 --> ...              [tcl] synUtils::setDVEInitPhase 0
21:37:26    29 --> ...                  [tcl] ucliCore::getToolPID
21:37:26    30 --> ...                      [tcl] synUtils::sendTool -active _icl_setToolSocket /tmp/smlnp8hRG76
21:37:26    31 --> ...                          [tcl] synUtils::sendTool -active {_icl_start_rpc -version "L-2016.06_Full64" -sync_file /tmp/vcs_dve_rpc.bohanw.605}
21:37:26    32 --> ...                              [tcl] synUtils::sendTool -active {_icl_createSharedMemory /tmp/vcs_dve_general.bohanw.605}
21:37:26    33 --> ...                                  [tcl] dveMisc::vbusExpand comp_eight_two
21:37:26    34 --> ...                                      [tcl] config endofsim noexit
21:37:26    35 --> ...                                          [tcl] config onfail enable all
21:37:26    36 --> ...                                              [tcl] config syscaddplainmembers
21:37:26    37 --> ...                                                  [tcl] config syscaddsourcenames
21:37:26    38 --> ...                                                      [tcl] config syscaddstructtypes
21:37:26    39 --> ...                                                          [tcl] synopsys::listing -disable
21:37:31    40 --> ...                                                              [tcl] if [catch {gui_sim_terminate}] {gui_sim_terminate -kill}
21:37:31    41 --> ...                                                                  [tcl] synopsys::finish
21:37:31    42 --> ...                                                                      [tcl] set ucliGUI::state
21:37:31    43 --> ...                                                                          [tcl] set ucliGUI::state
21:37:31    44 --> ...                                                                              [tcl] catch {senv activeDomain} dveMisc::result 
21:37:31    45 --> ...                                                                                  [tcl] set dveMisc::result
21:37:31    46 --> ...                                                                                      [tcl] gui_update_simulator_buttons
21:37:31    47 --> ...                                                                                          [tcl] catch {senv activeDomain} dveMisc::result 
21:37:31    48 --> ...                                                                                              [tcl] set dveMisc::result
21:37:31    49 --> ...                                                                                                  [tcl] ucli_exit
