Chronologic VCS simulator copyright 1991-2016
Contains Synopsys proprietary information.
Compiler version L-2016.06_Full64; Runtime version L-2016.06_Full64;  Mar 16 16:41 2017
VCD+ Writer L-2016.06_Full64 Copyright (c) 1991-2016 by Synopsys Inc.
The file '/afs/umich.edu/class/eecs627/w17/group5/PROJECT/gp5_syn/dut/dct_hierarchical_modular/dct_stage/inter.vpd' was opened successfully.
$finish called from file "dct_tb.v", line 63.
$finish at simulation time                 6030
Simulation complete, time is 6030.
Chronologic VCS simulator copyright 1991-2016
Contains Synopsys proprietary information.
Compiler version L-2016.06_Full64; Runtime version L-2016.06_Full64;  Mar 16 16:42 2017
VCD+ Writer L-2016.06_Full64 Copyright (c) 1991-2016 by Synopsys Inc.
The file '/afs/umich.edu/class/eecs627/w17/group5/PROJECT/gp5_syn/dut/dct_hierarchical_modular/dct_stage/inter.vpd' was opened successfully.
$finish called from file "dct_tb.v", line 63.
$finish at simulation time                 6030
Simulation complete, time is 6030.
Chronologic VCS simulator copyright 1991-2016
Contains Synopsys proprietary information.
Compiler version L-2016.06_Full64; Runtime version L-2016.06_Full64;  Mar 16 16:44 2017
VCD+ Writer L-2016.06_Full64 Copyright (c) 1991-2016 by Synopsys Inc.
The file '/afs/umich.edu/class/eecs627/w17/group5/PROJECT/gp5_syn/dut/dct_hierarchical_modular/dct_stage/inter.vpd' was opened successfully.
$finish called from file "dct_tb.v", line 63.
$finish at simulation time                 6030
Simulation complete, time is 6030.
Chronologic VCS simulator copyright 1991-2016
Contains Synopsys proprietary information.
Compiler version L-2016.06_Full64; Runtime version L-2016.06_Full64;  Mar 16 16:45 2017
VCD+ Writer L-2016.06_Full64 Copyright (c) 1991-2016 by Synopsys Inc.
The file '/afs/umich.edu/class/eecs627/w17/group5/PROJECT/gp5_syn/dut/dct_hierarchical_modular/dct_stage/inter.vpd' was opened successfully.
$finish called from file "dct_tb.v", line 63.
$finish at simulation time                 6030
Simulation complete, time is 6030.
Chronologic VCS simulator copyright 1991-2016
Contains Synopsys proprietary information.
Compiler version L-2016.06_Full64; Runtime version L-2016.06_Full64;  Mar 16 16:46 2017
VCD+ Writer L-2016.06_Full64 Copyright (c) 1991-2016 by Synopsys Inc.
The file '/afs/umich.edu/class/eecs627/w17/group5/PROJECT/gp5_syn/dut/dct_hierarchical_modular/dct_stage/inter.vpd' was opened successfully.
$finish called from file "dct_tb.v", line 63.
$finish at simulation time                 6030
Simulation complete, time is 6030.
Chronologic VCS simulator copyright 1991-2016
Contains Synopsys proprietary information.
Compiler version L-2016.06_Full64; Runtime version L-2016.06_Full64;  Mar 16 16:46 2017
VCD+ Writer L-2016.06_Full64 Copyright (c) 1991-2016 by Synopsys Inc.
The file '/afs/umich.edu/class/eecs627/w17/group5/PROJECT/gp5_syn/dut/dct_hierarchical_modular/dct_stage/inter.vpd' was opened successfully.
$finish called from file "dct_tb.v", line 63.
$finish at simulation time                 6030
Simulation complete, time is 6030.
Chronologic VCS simulator copyright 1991-2016
Contains Synopsys proprietary information.
Compiler version L-2016.06_Full64; Runtime version L-2016.06_Full64;  Mar 16 16:47 2017
VCD+ Writer L-2016.06_Full64 Copyright (c) 1991-2016 by Synopsys Inc.
The file '/afs/umich.edu/class/eecs627/w17/group5/PROJECT/gp5_syn/dut/dct_hierarchical_modular/dct_stage/inter.vpd' was opened successfully.
$finish called from file "dct_tb.v", line 63.
$finish at simulation time                 6030
Simulation complete, time is 6030.
Chronologic VCS simulator copyright 1991-2016
Contains Synopsys proprietary information.
Compiler version L-2016.06_Full64; Runtime version L-2016.06_Full64;  Mar 16 16:48 2017
VCD+ Writer L-2016.06_Full64 Copyright (c) 1991-2016 by Synopsys Inc.
The file '/afs/umich.edu/class/eecs627/w17/group5/PROJECT/gp5_syn/dut/dct_hierarchical_modular/dct_stage/inter.vpd' was opened successfully.
$finish called from file "dct_tb.v", line 63.
$finish at simulation time                 6030
Simulation complete, time is 6030.
Chronologic VCS simulator copyright 1991-2016
Contains Synopsys proprietary information.
Compiler version L-2016.06_Full64; Runtime version L-2016.06_Full64;  Mar 16 16:49 2017
VCD+ Writer L-2016.06_Full64 Copyright (c) 1991-2016 by Synopsys Inc.
The file '/afs/umich.edu/class/eecs627/w17/group5/PROJECT/gp5_syn/dut/dct_hierarchical_modular/dct_stage/inter.vpd' was opened successfully.
$finish called from file "dct_tb.v", line 63.
$finish at simulation time                 6030
Simulation complete, time is 6030.
Chronologic VCS simulator copyright 1991-2016
Contains Synopsys proprietary information.
Compiler version L-2016.06_Full64; Runtime version L-2016.06_Full64;  Mar 16 16:49 2017
VCD+ Writer L-2016.06_Full64 Copyright (c) 1991-2016 by Synopsys Inc.
The file '/afs/umich.edu/class/eecs627/w17/group5/PROJECT/gp5_syn/dut/dct_hierarchical_modular/dct_stage/inter.vpd' was opened successfully.
$finish called from file "dct_tb.v", line 63.
$finish at simulation time                 6030
Simulation complete, time is 6030.
           V C S   S i m u l a t i o n   R e p o r t 
Time: 6030
CPU Time:      0.550 seconds;       Data structure size:  59.7Mb
Thu Mar 16 16:52:52 2017
