# Preference setting overrides
gui_create_pref_key -category {Globals} -key {load_detail_for_funcov} -value_type {bool} -value {false}
gui_create_pref_category -category {schem_obj_name}
gui_create_pref_key -category {schem_obj_name} -key {show_cell_and_pin_with_symbol_name} -value_type {bool} -value {false}
gui_create_pref_key -category {schem_pin_hc} -key {textExtFont} -value_type {string} -value {Helvetica,10,-1,5,50,0,0,0,0,0}

# State setting overrides
gui_state_default_create -off -ini
gui_set_state_value -category Globals -key recent_sessions -value {{gui_load_session -ignore_errors -file /afs/umich.edu/class/eecs627/w17/group5/PROJECT/jpeg_verilog/reference/jpegencode/trunk/session.inter.vpd.tcl2.tcl -ignore_errors} {gui_load_session -ignore_errors -file /afs/umich.edu/class/eecs627/w17/group5/PROJECT/jpeg_verilog/reference/jpegencode/trunk/session.inter.vpd.tcl2.tcl} {gui_load_session -ignore_errors -file /afs/umich.edu/class/eecs627/w17/group5/PROJECT/jpeg_verilog/reference/jpegencode/trunk/session.inter.vpd.tcl -ignore_errors} {gui_load_session -ignore_errors -file /afs/umich.edu/class/eecs627/w17/group5/PROJECT/jpeg_verilog/reference/jpegencode/trunk/session.inter.vpd.tcl.list1.tcl -ignore_errors} {gui_load_session -ignore_errors -file /afs/umich.edu/class/eecs627/w17/group5/PROJECT/jpeg_verilog/verilog/dct_hierarchical/dct_stage/session.inter.vpd.tcl_total.tcl -ignore_errors}}
gui_set_state_value -category Layout -key child_console_size_x -value 1915
gui_set_state_value -category Layout -key child_console_size_y -value 406
gui_set_state_value -category Layout -key child_data_coltype -value 135
gui_set_state_value -category Layout -key child_data_colvalue -value 83
gui_set_state_value -category Layout -key child_data_colvariable -value 258
gui_set_state_value -category Layout -key child_data_size_x -value 361
gui_set_state_value -category Layout -key child_data_size_y -value 485
gui_set_state_value -category Layout -key child_driver_size_x -value 1092
gui_set_state_value -category Layout -key child_driver_size_y -value 416
gui_set_state_value -category Layout -key child_hier_col3 -value {-1}
gui_set_state_value -category Layout -key child_hier_colhier -value 293
gui_set_state_value -category Layout -key child_hier_colpd -value 0
gui_set_state_value -category Layout -key child_hier_coltype -value 113
gui_set_state_value -category Layout -key child_hier_size_x -value 355
gui_set_state_value -category Layout -key child_hier_size_y -value 485
gui_set_state_value -category Layout -key child_list_down -value 349
gui_set_state_value -category Layout -key child_list_right -value 1799
gui_set_state_value -category Layout -key child_list_up -value 683
gui_set_state_value -category Layout -key child_schematic_docknewline -value false
gui_set_state_value -category Layout -key child_schematic_pos_x -value {-2}
gui_set_state_value -category Layout -key child_schematic_pos_y -value {-15}
gui_set_state_value -category Layout -key child_schematic_size_x -value 1011
gui_set_state_value -category Layout -key child_schematic_size_y -value 84
gui_set_state_value -category Layout -key child_source_docknewline -value false
gui_set_state_value -category Layout -key child_source_pos_x -value {-2}
gui_set_state_value -category Layout -key child_source_pos_y -value {-15}
gui_set_state_value -category Layout -key child_source_size_x -value 1202
gui_set_state_value -category Layout -key child_source_size_y -value 480
gui_set_state_value -category Layout -key child_wave_colname -value 369
gui_set_state_value -category Layout -key child_wave_colvalue -value 370
gui_set_state_value -category Layout -key child_wave_left -value 743
gui_set_state_value -category Layout -key child_wave_right -value 1811
gui_set_state_value -category Layout -key main_pos_x -value 2
gui_set_state_value -category Layout -key main_pos_y -value 117
gui_set_state_value -category Layout -key main_size_x -value 1917
gui_set_state_value -category Layout -key main_size_y -value 1107
gui_set_state_value -category Layout -key stand_list_child_docknewline -value false
gui_set_state_value -category Layout -key stand_list_child_pos_x -value {-2}
gui_set_state_value -category Layout -key stand_list_child_pos_y -value {-15}
gui_set_state_value -category Layout -key stand_list_child_size_x -value 1959
gui_set_state_value -category Layout -key stand_list_child_size_y -value 1062
gui_set_state_value -category Layout -key stand_list_top_pos_x -value 503
gui_set_state_value -category Layout -key stand_list_top_pos_y -value 145
gui_set_state_value -category Layout -key stand_list_top_size_x -value 2457
gui_set_state_value -category Layout -key stand_list_top_size_y -value 1311
gui_set_state_value -category Layout -key stand_schematic_child_docknewline -value false
gui_set_state_value -category Layout -key stand_schematic_child_pos_x -value {-2}
gui_set_state_value -category Layout -key stand_schematic_child_pos_y -value {-15}
gui_set_state_value -category Layout -key stand_schematic_child_size_x -value 1011
gui_set_state_value -category Layout -key stand_schematic_child_size_y -value 84
gui_set_state_value -category Layout -key stand_source_child_docknewline -value false
gui_set_state_value -category Layout -key stand_source_child_pos_x -value {-2}
gui_set_state_value -category Layout -key stand_source_child_pos_y -value {-15}
gui_set_state_value -category Layout -key stand_source_child_size_x -value 2564
gui_set_state_value -category Layout -key stand_source_child_size_y -value 1258
gui_set_state_value -category Layout -key stand_source_top_pos_x -value 0
gui_set_state_value -category Layout -key stand_source_top_pos_y -value 39
gui_set_state_value -category Layout -key stand_source_top_size_x -value 2559
gui_set_state_value -category Layout -key stand_source_top_size_y -value 1377
gui_set_state_value -category Layout -key stand_wave_child_docknewline -value false
gui_set_state_value -category Layout -key stand_wave_child_pos_x -value {-2}
gui_set_state_value -category Layout -key stand_wave_child_pos_y -value {-15}
gui_set_state_value -category Layout -key stand_wave_child_size_x -value 2564
gui_set_state_value -category Layout -key stand_wave_child_size_y -value 1258
gui_set_state_value -category Layout -key stand_wave_top_pos_x -value 1
gui_set_state_value -category Layout -key stand_wave_top_pos_y -value 67
gui_set_state_value -category Layout -key stand_wave_top_size_x -value 2560
gui_set_state_value -category Layout -key stand_wave_top_size_y -value 1405
gui_set_state_value -category SaveSession -key single_view_name -value Wave.1
gui_set_state_value -category SaveSession -key toplevel_window_name -value TopLevel.2
gui_create_state_key -category FindDialog -key m_pMatchCase -value_type bool -value false
gui_create_state_key -category FindDialog -key m_pMatchWord -value_type bool -value false
gui_create_state_key -category FindDialog -key m_pUseCombo -value_type string -value {}
gui_create_state_key -category FindDialog -key m_pWrapAround -value_type bool -value true
gui_create_state_key -category Widget_History -key TopLevel.1|qt_left_dock|DockWnd2|DLPane.1|pages|Data.1|hbox|textfilter -value_type string -value {*wr wr *id_ex_wr *dest*}
gui_create_state_key -category Widget_History -key TopLevel.1|qt_left_dock|DockWnd4|DLPane.1|pages|Data.1|hbox|textfilter -value_type string -value {*predict* *branch* {}}
gui_create_state_key -category Widget_History -key TopLevel.2|EkTopVbox|wndWorkspace|qt_workspacechild2|Wave.1|left|filterVBox|controlHBox|unnamed -value_type string -value *head*
gui_create_state_key -category Widget_History -key {dlgSimSetup|m_setupTab|tab pages|SimTab|m_VPDCombo} -value_type string -value inter.vpd
gui_create_state_key -category Widget_History -key {dlgSimSetup|m_setupTab|tab pages|SimTab|m_argsCombo} -value_type string -value {{-ucligui +vc +define+ +lint=PCWM +memcbk} {+vc +define+ +lint=PCWM +memcbk} {-ucligui } {+vc +lint=TFIPC-L +lint=PCWM +memcbk} {-ucligui +vc +memcbk}}
gui_create_state_key -category Widget_History -key {dlgSimSetup|m_setupTab|tab pages|SimTab|m_curDirCombo} -value_type string -value {/afs/umich.edu/class/eecs627/w17/group5/PROJECT/jpeg_verilog/verilog/dct_hierarchical/dct_stage /afs/umich.edu/class/eecs627/w17/group5/PROJECT/jpeg_verilog/verilog/dct_hierarchical/adders /afs/umich.edu/class/eecs627/w17/group5/PROJECT/jpeg_verilog/verilog/dct_hierarchical/mult /afs/umich.edu/class/eecs627/w17/group5/PROJECT/jpeg_verilog/trunk/dct_bohan_0206/test_dct_layer /afs/umich.edu/class/eecs627/w17/group5/PROJECT/jpeg_verilog/trunk/dct_bohan_0206}
gui_create_state_key -category Widget_History -key {dlgSimSetup|m_setupTab|tab pages|SimTab|m_exeCombo} -value_type string -value {/afs/umich.edu/class/eecs627/w17/group5/PROJECT/jpeg_verilog/verilog/dct_hierarchical/dct_stage/dve dve /afs/umich.edu/class/eecs627/w17/group5/PROJECT/jpeg_verilog/verilog/dct_hierarchical/adders/dve /afs/umich.edu/class/eecs627/w17/group5/PROJECT/jpeg_verilog/verilog/dct_hierarchical/adders/sim ./sim}
gui_state_default_create -off

# Begin command logging
gui_sim_run Ucli -exe dve -args {-ucligui  +vc +define+ +lint=PCWM +memcbk} -dir .
